<?xml version="1.0" encoding="UTF-8"?>
<!-- Generated by org.testng.reporters.JUnitReportReporter -->
<testsuite hostname="DESKTOP-KB78P7G" failures="0" tests="1" name="Prasanna.NaveenAutomationLabs.LoginFailTest" time="18.359" errors="0" timestamp="2023-10-22T11:03:52 IST" skipped="0">
  <testcase classname="Prasanna.NaveenAutomationLabs.LoginFailTest" name="loginfail" time="18.359"/>
  <system-out/>
</testsuite> <!-- Prasanna.NaveenAutomationLabs.LoginFailTest -->
