<?xml version="1.0" encoding="UTF-8"?>
<!-- Generated by org.testng.reporters.JUnitReportReporter -->
<testsuite hostname="DESKTOP-KB78P7G" failures="0" tests="1" name="Prasanna.NaveenAutomationLabs.MainFileTest" time="43.668" errors="0" timestamp="2023-10-20T18:49:08 IST" skipped="0">
  <testcase classname="Prasanna.NaveenAutomationLabs.MainFileTest" name="test1" time="43.668"/>
  <system-out/>
</testsuite> <!-- Prasanna.NaveenAutomationLabs.MainFileTest -->
