<?xml version="1.0" encoding="UTF-8"?>
<!-- Generated by org.testng.reporters.JUnitReportReporter -->
<testsuite hostname="DESKTOP-KB78P7G" failures="0" tests="1" name="Prasanna.NaveenAutomationLabs.MainFileTest" time="32.824" errors="0" timestamp="2023-10-22T11:19:06 IST" skipped="0">
  <testcase classname="Prasanna.NaveenAutomationLabs.MainFileTest" name="test1" time="32.824"/>
  <system-out/>
</testsuite> <!-- Prasanna.NaveenAutomationLabs.MainFileTest -->
